Using pre-set license
Built from '2021.1/staging' branch; Version is '2021.1.18f1 (25bdc3efbc2d) revision 2473411'; Using compiler version '192528614'; Build Type 'Release'
OS: 'Windows 10 Pro; OS build 18362.356; Version 1903; 64bit' Language: 'ru' Physical Memory: 7874 MB
BatchMode: 1, IsHumanControllingUs: 0, StartBugReporterOnCrash: 0, Is64bit: 1, IsPro: 0

COMMAND LINE ARGUMENTS:
C:\Program Files\Unity\Hub\Editor\2021.1.18f1\Editor\Unity.exe
-adb2
-batchMode
-noUpm
-name
AssetImportWorker0
-projectPath
C:/Users/IIIyT/Videos/dropply/dropply
-logFile
Logs/AssetImportWorker0.log
-srvPort
60331
Successfully changed project path to: C:/Users/IIIyT/Videos/dropply/dropply
C:/Users/IIIyT/Videos/dropply/dropply
Using Asset Import Pipeline V2.
Refreshing native plugins compatible for Editor in 113.74 ms, found 2 plugins.
Preloading 0 native plugins for Editor in 0.00 ms.
Initialize engine version: 2021.1.18f1 (25bdc3efbc2d)
[Subsystems] Discovering subsystems at path C:/Program Files/Unity/Hub/Editor/2021.1.18f1/Editor/Data/Resources/UnitySubsystems
[Subsystems] Discovering subsystems at path C:/Users/IIIyT/Videos/dropply/dropply/Assets
GfxDevice: creating device client; threaded=0; jobified=0
Direct3D:
    Version:  Direct3D 11.0 [level 11.1]
    Renderer: AMD Radeon(TM) Vega 8 Graphics (ID=0x15d8)
    Vendor:   ATI
    VRAM:     3937 MB
    Driver:   26.20.11002.12
Initialize mono
Mono path[0] = 'C:/Program Files/Unity/Hub/Editor/2021.1.18f1/Editor/Data/Managed'
Mono path[1] = 'C:/Program Files/Unity/Hub/Editor/2021.1.18f1/Editor/Data/MonoBleedingEdge/lib/mono/unityjit'
Mono config path = 'C:/Program Files/Unity/Hub/Editor/2021.1.18f1/Editor/Data/MonoBleedingEdge/etc'
Using monoOptions --debugger-agent=transport=dt_socket,embedding=1,server=y,suspend=n,address=127.0.0.1:56408
Begin MonoManager ReloadAssembly
Registering precompiled unity dll's ...
Register platform support module: C:/Program Files/Unity/Hub/Editor/2021.1.18f1/Editor/Data/PlaybackEngines/WindowsStandaloneSupport/UnityEditor.WindowsStandalone.Extensions.dll
Registered in 0.002299 seconds.
Native extension for WindowsStandalone target not found
Refreshing native plugins compatible for Editor in 89.45 ms, found 2 plugins.
Preloading 0 native plugins for Editor in 0.00 ms.
Mono: successfully reloaded assembly
- Completed reload, in  3.484 seconds
Domain Reload Profiling:
	ReloadAssembly (3486ms)
		BeginReloadAssembly (134ms)
			ExecutionOrderSort (0ms)
			DisableScriptedObjects (0ms)
			BackupInstance (0ms)
			ReleaseScriptingObjects (0ms)
			CreateAndSetChildDomain (2ms)
		EndReloadAssembly (887ms)
			LoadAssemblies (129ms)
			RebuildTransferFunctionScriptingTraits (0ms)
			SetupTypeCache (340ms)
			ReleaseScriptCaches (0ms)
			RebuildScriptCaches (54ms)
			SetupLoadedEditorAssemblies (394ms)
				LogAssemblyErrors (0ms)
				InitializePlatformSupportModulesInManaged (16ms)
				SetLoadedEditorAssemblies (0ms)
				RefreshPlugins (90ms)
				BeforeProcessingInitializeOnLoad (3ms)
				ProcessInitializeOnLoadAttributes (209ms)
				ProcessInitializeOnLoadMethodAttributes (75ms)
				AfterProcessingInitializeOnLoad (0ms)
				EditorAssembliesLoaded (0ms)
			ExecutionOrderSort2 (0ms)
			AwakeInstancesAfterBackupRestoration (0ms)
Platform modules already initialized, skipping
Registering precompiled user dll's ...
Registered in 0.013337 seconds.
Begin MonoManager ReloadAssembly
Native extension for WindowsStandalone target not found
Refreshing native plugins compatible for Editor in 73.60 ms, found 2 plugins.
Preloading 0 native plugins for Editor in 0.00 ms.
Mono: successfully reloaded assembly
- Completed reload, in  2.293 seconds
Domain Reload Profiling:
	ReloadAssembly (2294ms)
		BeginReloadAssembly (313ms)
			ExecutionOrderSort (0ms)
			DisableScriptedObjects (8ms)
			BackupInstance (0ms)
			ReleaseScriptingObjects (1ms)
			CreateAndSetChildDomain (45ms)
		EndReloadAssembly (1847ms)
			LoadAssemblies (208ms)
			RebuildTransferFunctionScriptingTraits (0ms)
			SetupTypeCache (646ms)
			ReleaseScriptCaches (1ms)
			RebuildScriptCaches (73ms)
			SetupLoadedEditorAssemblies (612ms)
				LogAssemblyErrors (0ms)
				InitializePlatformSupportModulesInManaged (5ms)
				SetLoadedEditorAssemblies (0ms)
				RefreshPlugins (74ms)
				BeforeProcessingInitializeOnLoad (86ms)
				ProcessInitializeOnLoadAttributes (430ms)
				ProcessInitializeOnLoadMethodAttributes (8ms)
				AfterProcessingInitializeOnLoad (9ms)
				EditorAssembliesLoaded (1ms)
			ExecutionOrderSort2 (0ms)
			AwakeInstancesAfterBackupRestoration (12ms)
Platform modules already initialized, skipping
========================================================================
Worker process is ready to serve import requests
Launched and connected shader compiler UnityShaderCompiler.exe after 0.08 seconds
Refreshing native plugins compatible for Editor in 0.77 ms, found 2 plugins.
Preloading 0 native plugins for Editor in 0.00 ms.
Unloading 2435 Unused Serialized files (Serialized files now loaded: 0)
System memory in use before: 125.7 MB.
System memory in use after: 125.9 MB.

Unloading 33 unused Assets to reduce memory usage. Loaded Objects now: 2883.
Total: 4.639200 ms (FindLiveObjects: 0.366200 ms CreateObjectMapping: 0.114300 ms MarkObjects: 4.053300 ms  DeleteObjects: 0.103600 ms)

AssetImportParameters requested are different than current active one (requested -> active):
  custom:framework-win-MediaFoundation: 216162199b28c13a410421893ffa2e32 -> 
  custom:video-decoder-ogg-theora: a1e56fd34408186e4bbccfd4996cb3dc -> 
  custom:container-muxer-webm: aa71ff27fc2769a1b78a27578f13a17b -> 
  custom:container-demuxer-webm: 4f35f7cbe854078d1ac9338744f61a02 -> 
  custom:container-demuxer-ogg: 62fdf1f143b41e24485cea50d1cbac27 -> 
  custom:video-encoder-webm-vp8: eb34c28f22e8b96e1ab97ce403110664 -> 
  custom:video-decoder-webm-vp8: 9c59270c3fd7afecdb556c50c9e8de78 -> 
  custom:audio-decoder-ogg-vorbis: bf7c407c2cedff20999df2af8eb42d56 -> 
  custom:audio-encoder-webm-vorbis: bf7c407c2cedff20999df2af8eb42d56 -> 
========================================================================
Received Import Request.
  path: Assets/D4.prefab
  artifactKey: Guid(3d1f766d02f0cb04dbd8168395a92873) Importer(815301076,1909f56bfc062723c751e8b465ee728b)
Start importing Assets/D4.prefab using Guid(3d1f766d02f0cb04dbd8168395a92873) Importer(815301076,1909f56bfc062723c751e8b465ee728b)  -> (artifact id: '404932bb86b834d4db2ecea18dc0c4c2') in 0.409987 seconds 
========================================================================
Received Import Request.
  Time since last request: 0.000556 seconds.
  path: Assets/D2.prefab
  artifactKey: Guid(9dcbe294a5a3b05438b9864941dfd435) Importer(815301076,1909f56bfc062723c751e8b465ee728b)
Start importing Assets/D2.prefab using Guid(9dcbe294a5a3b05438b9864941dfd435) Importer(815301076,1909f56bfc062723c751e8b465ee728b)  -> (artifact id: '39431c2597e487f6421e68f81665a9aa') in 0.022300 seconds 
========================================================================
Received Import Request.
  Time since last request: 0.000290 seconds.
  path: Assets/D1.prefab
  artifactKey: Guid(85f4e1eacdddb6e45858b5e59bd381c9) Importer(815301076,1909f56bfc062723c751e8b465ee728b)
Start importing Assets/D1.prefab using Guid(85f4e1eacdddb6e45858b5e59bd381c9) Importer(815301076,1909f56bfc062723c751e8b465ee728b)  -> (artifact id: 'b07623d751a30b2046757210f5b92b21') in 0.075841 seconds 
========================================================================
Received Import Request.
  Time since last request: 0.000329 seconds.
  path: Assets/wood1(Clone).prefab
  artifactKey: Guid(8beec305a3f344ff59d13b79b1c2eecb) Importer(815301076,1909f56bfc062723c751e8b465ee728b)
Start importing Assets/wood1(Clone).prefab using Guid(8beec305a3f344ff59d13b79b1c2eecb) Importer(815301076,1909f56bfc062723c751e8b465ee728b)  -> (artifact id: 'c447578b767e4e1b0c53fab0ba426e8d') in 0.019459 seconds 
========================================================================
Received Import Request.
  Time since last request: 0.000323 seconds.
  path: Assets/GameObject.prefab
  artifactKey: Guid(672690eef7be50747960d39f71677edc) Importer(815301076,1909f56bfc062723c751e8b465ee728b)
Start importing Assets/GameObject.prefab using Guid(672690eef7be50747960d39f71677edc) Importer(815301076,1909f56bfc062723c751e8b465ee728b)  -> (artifact id: '4b1c4d4ce7994b342247f1b1ce601172') in 0.004666 seconds 
========================================================================
Received Import Request.
  Time since last request: 0.000236 seconds.
  path: Assets/D3.prefab
  artifactKey: Guid(18b85ba49a645f24a9ae71503fa4fe1e) Importer(815301076,1909f56bfc062723c751e8b465ee728b)
Start importing Assets/D3.prefab using Guid(18b85ba49a645f24a9ae71503fa4fe1e) Importer(815301076,1909f56bfc062723c751e8b465ee728b)  -> (artifact id: 'b33205a02009681fc985e4c6a94a566f') in 0.019528 seconds 
========================================================================
Received Import Request.
  Time since last request: 0.000276 seconds.
  path: Assets/SwipeController.prefab
  artifactKey: Guid(4be902ce35aaccf499a8505dbf0ee9ea) Importer(815301076,1909f56bfc062723c751e8b465ee728b)
Start importing Assets/SwipeController.prefab using Guid(4be902ce35aaccf499a8505dbf0ee9ea) Importer(815301076,1909f56bfc062723c751e8b465ee728b)  -> (artifact id: 'cf612945dca02cfe097d3332d4083474') in 0.004584 seconds 
AssetImportWorkerClient::OnTransportError - code=2 error=End of file
